
*** Running vivado
    with args -log datapath.vds -m64 -product Vivado -mode batch -messageDb vivado.pb -notrace -source datapath.tcl


ECHO is off.
ECHO is off.

****** Vivado v2023.1 (64-bit)
  **** SW Build 3865809 on Sun May  7 15:05:29 MDT 2023
  **** IP Build 3864474 on Sun May  7 20:36:21 MDT 2023
  **** SharedData Build 3865790 on Sun May 07 13:33:03 MDT 2023
    ** Copyright 1986-2022 Xilinx, Inc. All Rights Reserved.
    ** Copyright 2022-2023 Advanced Micro Devices, Inc. All Rights Reserved.

source datapath.tcl -notrace
create_project: Time (s): cpu = 00:00:15 ; elapsed = 00:00:16 . Memory (MB): peak = 479.238 ; gain = 166.336
Command: read_checkpoint -auto_incremental -incremental C:/Users/potato/Downloads/Lab3/Lab3.srcs/utils_1/imports/synth_1/dff3.dcp
INFO: [Vivado 12-5825] Read reference checkpoint from C:/Users/potato/Downloads/Lab3/Lab3.srcs/utils_1/imports/synth_1/dff3.dcp for incremental synthesis
INFO: [Vivado 12-7989] Please ensure there are no constraint changes
Command: synth_design -top datapath -part xc7z010clg400-1
Starting synth_design
Attempting to get a license for feature 'Synthesis' and/or device 'xc7z010'
INFO: [Common 17-349] Got license for feature 'Synthesis' and/or device 'xc7z010'
INFO: [Designutils 20-5440] No compile time benefit to using incremental synthesis; A full resynthesis will be run
INFO: [Designutils 20-4379] Flow is switching to default flow due to incremental criteria not met. If you would like to alter this behaviour and have the flow terminate instead, please set the following parameter config_implementation {autoIncr.Synth.RejectBehavior Terminate}
INFO: [Synth 8-7079] Multithreading enabled for synth_design using a maximum of 2 processes.
INFO: [Synth 8-7078] Launching helper process for spawning children vivado processes
INFO: [Synth 8-7075] Helper process launched with PID 7676
---------------------------------------------------------------------------------
Starting Synthesize : Time (s): cpu = 00:00:13 ; elapsed = 00:00:13 . Memory (MB): peak = 922.023 ; gain = 410.996
---------------------------------------------------------------------------------
INFO: [Synth 8-6157] synthesizing module 'datapath' [C:/Users/potato/Downloads/Lab3/Lab3.srcs/sources_1/new/lab3.v:208]
INFO: [Synth 8-6157] synthesizing module 'counter' [C:/Users/potato/Downloads/Lab3/Lab3.srcs/sources_1/new/lab3.v:3]
INFO: [Synth 8-6155] done synthesizing module 'counter' (0#1) [C:/Users/potato/Downloads/Lab3/Lab3.srcs/sources_1/new/lab3.v:3]
INFO: [Synth 8-6157] synthesizing module 'instructionmemory' [C:/Users/potato/Downloads/Lab3/Lab3.srcs/sources_1/new/lab3.v:13]
INFO: [Synth 8-6155] done synthesizing module 'instructionmemory' (0#1) [C:/Users/potato/Downloads/Lab3/Lab3.srcs/sources_1/new/lab3.v:13]
INFO: [Synth 8-6157] synthesizing module 'pcadder' [C:/Users/potato/Downloads/Lab3/Lab3.srcs/sources_1/new/lab3.v:34]
INFO: [Synth 8-6155] done synthesizing module 'pcadder' (0#1) [C:/Users/potato/Downloads/Lab3/Lab3.srcs/sources_1/new/lab3.v:34]
INFO: [Synth 8-6157] synthesizing module 'ifidpipelineregister' [C:/Users/potato/Downloads/Lab3/Lab3.srcs/sources_1/new/lab3.v:40]
INFO: [Synth 8-6155] done synthesizing module 'ifidpipelineregister' (0#1) [C:/Users/potato/Downloads/Lab3/Lab3.srcs/sources_1/new/lab3.v:40]
INFO: [Synth 8-6157] synthesizing module 'controlunit' [C:/Users/potato/Downloads/Lab3/Lab3.srcs/sources_1/new/lab3.v:46]
INFO: [Synth 8-155] case statement is not full and has no default [C:/Users/potato/Downloads/Lab3/Lab3.srcs/sources_1/new/lab3.v:59]
INFO: [Synth 8-155] case statement is not full and has no default [C:/Users/potato/Downloads/Lab3/Lab3.srcs/sources_1/new/lab3.v:50]
INFO: [Synth 8-6155] done synthesizing module 'controlunit' (0#1) [C:/Users/potato/Downloads/Lab3/Lab3.srcs/sources_1/new/lab3.v:46]
INFO: [Synth 8-6157] synthesizing module 'regrtmultiplexer' [C:/Users/potato/Downloads/Lab3/Lab3.srcs/sources_1/new/lab3.v:135]
INFO: [Synth 8-6155] done synthesizing module 'regrtmultiplexer' (0#1) [C:/Users/potato/Downloads/Lab3/Lab3.srcs/sources_1/new/lab3.v:135]
INFO: [Synth 8-6157] synthesizing module 'registerfile' [C:/Users/potato/Downloads/Lab3/Lab3.srcs/sources_1/new/lab3.v:146]
INFO: [Synth 8-6155] done synthesizing module 'registerfile' (0#1) [C:/Users/potato/Downloads/Lab3/Lab3.srcs/sources_1/new/lab3.v:146]
INFO: [Synth 8-6157] synthesizing module 'immediateextender' [C:/Users/potato/Downloads/Lab3/Lab3.srcs/sources_1/new/lab3.v:179]
INFO: [Synth 8-6155] done synthesizing module 'immediateextender' (0#1) [C:/Users/potato/Downloads/Lab3/Lab3.srcs/sources_1/new/lab3.v:179]
INFO: [Synth 8-6157] synthesizing module 'idexepipelineregister' [C:/Users/potato/Downloads/Lab3/Lab3.srcs/sources_1/new/lab3.v:191]
INFO: [Synth 8-6155] done synthesizing module 'idexepipelineregister' (0#1) [C:/Users/potato/Downloads/Lab3/Lab3.srcs/sources_1/new/lab3.v:191]
INFO: [Synth 8-6157] synthesizing module 'alumux' [C:/Users/potato/Downloads/Lab3/Lab3.srcs/sources_1/new/lab3.v:293]
INFO: [Synth 8-6155] done synthesizing module 'alumux' (0#1) [C:/Users/potato/Downloads/Lab3/Lab3.srcs/sources_1/new/lab3.v:293]
INFO: [Synth 8-6157] synthesizing module 'alu' [C:/Users/potato/Downloads/Lab3/Lab3.srcs/sources_1/new/lab3.v:304]
INFO: [Synth 8-155] case statement is not full and has no default [C:/Users/potato/Downloads/Lab3/Lab3.srcs/sources_1/new/lab3.v:306]
INFO: [Synth 8-6155] done synthesizing module 'alu' (0#1) [C:/Users/potato/Downloads/Lab3/Lab3.srcs/sources_1/new/lab3.v:304]
INFO: [Synth 8-6157] synthesizing module 'exemempipelineregister' [C:/Users/potato/Downloads/Lab3/Lab3.srcs/sources_1/new/lab3.v:327]
INFO: [Synth 8-6155] done synthesizing module 'exemempipelineregister' (0#1) [C:/Users/potato/Downloads/Lab3/Lab3.srcs/sources_1/new/lab3.v:327]
INFO: [Synth 8-6157] synthesizing module 'datamemory' [C:/Users/potato/Downloads/Lab3/Lab3.srcs/sources_1/new/lab3.v:341]
INFO: [Synth 8-6155] done synthesizing module 'datamemory' (0#1) [C:/Users/potato/Downloads/Lab3/Lab3.srcs/sources_1/new/lab3.v:341]
INFO: [Synth 8-6157] synthesizing module 'memwbpipelineregister' [C:/Users/potato/Downloads/Lab3/Lab3.srcs/sources_1/new/lab3.v:366]
INFO: [Synth 8-6155] done synthesizing module 'memwbpipelineregister' (0#1) [C:/Users/potato/Downloads/Lab3/Lab3.srcs/sources_1/new/lab3.v:366]
INFO: [Synth 8-6157] synthesizing module 'wbmux' [C:/Users/potato/Downloads/Lab3/Lab3.srcs/sources_1/new/lab3.v:378]
INFO: [Synth 8-6155] done synthesizing module 'wbmux' (0#1) [C:/Users/potato/Downloads/Lab3/Lab3.srcs/sources_1/new/lab3.v:378]
INFO: [Synth 8-6157] synthesizing module 'fwdmuxa' [C:/Users/potato/Downloads/Lab3/Lab3.srcs/sources_1/new/lab3.v:389]
INFO: [Synth 8-6155] done synthesizing module 'fwdmuxa' (0#1) [C:/Users/potato/Downloads/Lab3/Lab3.srcs/sources_1/new/lab3.v:389]
INFO: [Synth 8-6157] synthesizing module 'fwdmuxb' [C:/Users/potato/Downloads/Lab3/Lab3.srcs/sources_1/new/lab3.v:410]
INFO: [Synth 8-6155] done synthesizing module 'fwdmuxb' (0#1) [C:/Users/potato/Downloads/Lab3/Lab3.srcs/sources_1/new/lab3.v:410]
INFO: [Synth 8-6155] done synthesizing module 'datapath' (0#1) [C:/Users/potato/Downloads/Lab3/Lab3.srcs/sources_1/new/lab3.v:208]
WARNING: [Synth 8-7129] Port mr[31] in module datamemory is either unconnected or has no load
WARNING: [Synth 8-7129] Port mr[30] in module datamemory is either unconnected or has no load
WARNING: [Synth 8-7129] Port mr[29] in module datamemory is either unconnected or has no load
WARNING: [Synth 8-7129] Port mr[28] in module datamemory is either unconnected or has no load
WARNING: [Synth 8-7129] Port mr[27] in module datamemory is either unconnected or has no load
WARNING: [Synth 8-7129] Port mr[26] in module datamemory is either unconnected or has no load
WARNING: [Synth 8-7129] Port mr[25] in module datamemory is either unconnected or has no load
WARNING: [Synth 8-7129] Port mr[24] in module datamemory is either unconnected or has no load
WARNING: [Synth 8-7129] Port mr[23] in module datamemory is either unconnected or has no load
WARNING: [Synth 8-7129] Port mr[22] in module datamemory is either unconnected or has no load
WARNING: [Synth 8-7129] Port mr[21] in module datamemory is either unconnected or has no load
WARNING: [Synth 8-7129] Port mr[20] in module datamemory is either unconnected or has no load
WARNING: [Synth 8-7129] Port mr[19] in module datamemory is either unconnected or has no load
WARNING: [Synth 8-7129] Port mr[18] in module datamemory is either unconnected or has no load
WARNING: [Synth 8-7129] Port mr[17] in module datamemory is either unconnected or has no load
WARNING: [Synth 8-7129] Port mr[16] in module datamemory is either unconnected or has no load
WARNING: [Synth 8-7129] Port mr[15] in module datamemory is either unconnected or has no load
WARNING: [Synth 8-7129] Port mr[14] in module datamemory is either unconnected or has no load
WARNING: [Synth 8-7129] Port mr[13] in module datamemory is either unconnected or has no load
WARNING: [Synth 8-7129] Port mr[12] in module datamemory is either unconnected or has no load
WARNING: [Synth 8-7129] Port mr[11] in module datamemory is either unconnected or has no load
WARNING: [Synth 8-7129] Port mr[10] in module datamemory is either unconnected or has no load
WARNING: [Synth 8-7129] Port mr[9] in module datamemory is either unconnected or has no load
WARNING: [Synth 8-7129] Port mr[8] in module datamemory is either unconnected or has no load
WARNING: [Synth 8-7129] Port mr[1] in module datamemory is either unconnected or has no load
WARNING: [Synth 8-7129] Port mr[0] in module datamemory is either unconnected or has no load
WARNING: [Synth 8-7129] Port destReg[5] in module idexepipelineregister is either unconnected or has no load
WARNING: [Synth 8-7129] Port pc[31] in module instructionmemory is either unconnected or has no load
WARNING: [Synth 8-7129] Port pc[30] in module instructionmemory is either unconnected or has no load
WARNING: [Synth 8-7129] Port pc[29] in module instructionmemory is either unconnected or has no load
WARNING: [Synth 8-7129] Port pc[28] in module instructionmemory is either unconnected or has no load
WARNING: [Synth 8-7129] Port pc[27] in module instructionmemory is either unconnected or has no load
WARNING: [Synth 8-7129] Port pc[26] in module instructionmemory is either unconnected or has no load
WARNING: [Synth 8-7129] Port pc[25] in module instructionmemory is either unconnected or has no load
WARNING: [Synth 8-7129] Port pc[24] in module instructionmemory is either unconnected or has no load
WARNING: [Synth 8-7129] Port pc[23] in module instructionmemory is either unconnected or has no load
WARNING: [Synth 8-7129] Port pc[22] in module instructionmemory is either unconnected or has no load
WARNING: [Synth 8-7129] Port pc[21] in module instructionmemory is either unconnected or has no load
WARNING: [Synth 8-7129] Port pc[20] in module instructionmemory is either unconnected or has no load
WARNING: [Synth 8-7129] Port pc[19] in module instructionmemory is either unconnected or has no load
WARNING: [Synth 8-7129] Port pc[18] in module instructionmemory is either unconnected or has no load
WARNING: [Synth 8-7129] Port pc[17] in module instructionmemory is either unconnected or has no load
WARNING: [Synth 8-7129] Port pc[16] in module instructionmemory is either unconnected or has no load
WARNING: [Synth 8-7129] Port pc[15] in module instructionmemory is either unconnected or has no load
WARNING: [Synth 8-7129] Port pc[14] in module instructionmemory is either unconnected or has no load
WARNING: [Synth 8-7129] Port pc[13] in module instructionmemory is either unconnected or has no load
WARNING: [Synth 8-7129] Port pc[12] in module instructionmemory is either unconnected or has no load
WARNING: [Synth 8-7129] Port pc[11] in module instructionmemory is either unconnected or has no load
WARNING: [Synth 8-7129] Port pc[10] in module instructionmemory is either unconnected or has no load
WARNING: [Synth 8-7129] Port pc[9] in module instructionmemory is either unconnected or has no load
WARNING: [Synth 8-7129] Port pc[8] in module instructionmemory is either unconnected or has no load
WARNING: [Synth 8-7129] Port pc[1] in module instructionmemory is either unconnected or has no load
WARNING: [Synth 8-7129] Port pc[0] in module instructionmemory is either unconnected or has no load
---------------------------------------------------------------------------------
Finished Synthesize : Time (s): cpu = 00:00:16 ; elapsed = 00:00:17 . Memory (MB): peak = 1016.453 ; gain = 505.426
---------------------------------------------------------------------------------
---------------------------------------------------------------------------------
Finished Constraint Validation : Time (s): cpu = 00:00:17 ; elapsed = 00:00:17 . Memory (MB): peak = 1016.453 ; gain = 505.426
---------------------------------------------------------------------------------
---------------------------------------------------------------------------------
Start Loading Part and Timing Information
---------------------------------------------------------------------------------
Loading part: xc7z010clg400-1
---------------------------------------------------------------------------------
Finished Loading Part and Timing Information : Time (s): cpu = 00:00:17 ; elapsed = 00:00:17 . Memory (MB): peak = 1016.453 ; gain = 505.426
---------------------------------------------------------------------------------
INFO: [Device 21-403] Loading part xc7z010clg400-1
WARNING: [Synth 8-327] inferring latch for variable 'wreg_reg' [C:/Users/potato/Downloads/Lab3/Lab3.srcs/sources_1/new/lab3.v:53]
WARNING: [Synth 8-327] inferring latch for variable 'm2reg_reg' [C:/Users/potato/Downloads/Lab3/Lab3.srcs/sources_1/new/lab3.v:54]
WARNING: [Synth 8-327] inferring latch for variable 'wmem_reg' [C:/Users/potato/Downloads/Lab3/Lab3.srcs/sources_1/new/lab3.v:55]
WARNING: [Synth 8-327] inferring latch for variable 'aluc_reg' [C:/Users/potato/Downloads/Lab3/Lab3.srcs/sources_1/new/lab3.v:61]
WARNING: [Synth 8-327] inferring latch for variable 'aluimm_reg' [C:/Users/potato/Downloads/Lab3/Lab3.srcs/sources_1/new/lab3.v:56]
WARNING: [Synth 8-327] inferring latch for variable 'r_reg' [C:/Users/potato/Downloads/Lab3/Lab3.srcs/sources_1/new/lab3.v:308]
WARNING: [Synth 8-327] inferring latch for variable 'qa_reg' [C:/Users/potato/Downloads/Lab3/Lab3.srcs/sources_1/new/lab3.v:392]
WARNING: [Synth 8-327] inferring latch for variable 'qb_reg' [C:/Users/potato/Downloads/Lab3/Lab3.srcs/sources_1/new/lab3.v:413]
---------------------------------------------------------------------------------
Finished RTL Optimization Phase 2 : Time (s): cpu = 00:00:18 ; elapsed = 00:00:18 . Memory (MB): peak = 1017.559 ; gain = 506.531
---------------------------------------------------------------------------------
No constraint files found.
---------------------------------------------------------------------------------
Start RTL Component Statistics 
---------------------------------------------------------------------------------
Detailed RTL Component Info : 
+---Adders : 
	   2 Input   32 Bit       Adders := 1     
	   3 Input   32 Bit       Adders := 1     
+---XORs : 
	   2 Input     32 Bit         XORs := 1     
+---Registers : 
	               32 Bit    Registers := 9     
	                5 Bit    Registers := 3     
	                4 Bit    Registers := 1     
	                1 Bit    Registers := 9     
+---Muxes : 
	   6 Input   32 Bit        Muxes := 2     
	   2 Input   32 Bit        Muxes := 3     
	   4 Input   32 Bit        Muxes := 2     
	   2 Input    5 Bit        Muxes := 1     
	   2 Input    4 Bit        Muxes := 1     
	   6 Input    4 Bit        Muxes := 1     
	   2 Input    2 Bit        Muxes := 4     
	   4 Input    1 Bit        Muxes := 4     
	   2 Input    1 Bit        Muxes := 2     
	   6 Input    1 Bit        Muxes := 2     
---------------------------------------------------------------------------------
Finished RTL Component Statistics 
---------------------------------------------------------------------------------
---------------------------------------------------------------------------------
Start Part Resource Summary
---------------------------------------------------------------------------------
Part Resources:
DSPs: 80 (col length:40)
BRAMs: 120 (col length: RAMB18 40 RAMB36 20)
---------------------------------------------------------------------------------
Finished Part Resource Summary
---------------------------------------------------------------------------------
No constraint files found.
---------------------------------------------------------------------------------
Start Cross Boundary and Area Optimization
---------------------------------------------------------------------------------
WARNING: [Synth 8-7080] Parallel synthesis criteria is not met
WARNING: [Synth 8-6430] The Block RAM "datapath/registerfile1/registers_reg" may get memory collision error if read and write address collide. Use attribute (* rw_addr_collision= "yes" *) to avoid collision 
WARNING: [Synth 8-6430] The Block RAM "datapath/registerfile1/registers_reg" may get memory collision error if read and write address collide. Use attribute (* rw_addr_collision= "yes" *) to avoid collision 
INFO: [Synth 8-3971] The signal "datapath/registerfile1/registers_reg" was recognized as a true dual port RAM template.
RAM Pipeline Warning: Read Address Register Found For RAM registerfile1/registers_reg. We will not be able to pipeline it. This may degrade performance. 
RAM Pipeline Warning: Read Address Register Found For RAM registerfile1/registers_reg. We will not be able to pipeline it. This may degrade performance. 
WARNING: [Synth 8-6430] The Block RAM "datapath/registerfile1/registers_reg" may get memory collision error if read and write address collide. Use attribute (* rw_addr_collision= "yes" *) to avoid collision 
WARNING: [Synth 8-6430] The Block RAM "datapath/registerfile1/registers_reg" may get memory collision error if read and write address collide. Use attribute (* rw_addr_collision= "yes" *) to avoid collision 
INFO: [Synth 8-3971] The signal "datapath/registerfile1/registers_reg" was recognized as a true dual port RAM template.
RAM Pipeline Warning: Read Address Register Found For RAM registerfile1/registers_reg. We will not be able to pipeline it. This may degrade performance. 
WARNING: [Synth 8-3332] Sequential element (controlunit1/wreg_reg) is unused and will be removed from module datapath.
WARNING: [Synth 8-3332] Sequential element (controlunit1/m2reg_reg) is unused and will be removed from module datapath.
WARNING: [Synth 8-3332] Sequential element (controlunit1/wmem_reg) is unused and will be removed from module datapath.
WARNING: [Synth 8-3332] Sequential element (controlunit1/aluc_reg[3]) is unused and will be removed from module datapath.
WARNING: [Synth 8-3332] Sequential element (controlunit1/aluimm_reg) is unused and will be removed from module datapath.
WARNING: [Synth 8-3332] Sequential element (fwdmuxa1/qa_reg[31]) is unused and will be removed from module datapath.
WARNING: [Synth 8-3332] Sequential element (fwdmuxa1/qa_reg[30]) is unused and will be removed from module datapath.
WARNING: [Synth 8-3332] Sequential element (fwdmuxa1/qa_reg[29]) is unused and will be removed from module datapath.
WARNING: [Synth 8-3332] Sequential element (fwdmuxa1/qa_reg[28]) is unused and will be removed from module datapath.
WARNING: [Synth 8-3332] Sequential element (fwdmuxa1/qa_reg[27]) is unused and will be removed from module datapath.
WARNING: [Synth 8-3332] Sequential element (fwdmuxa1/qa_reg[26]) is unused and will be removed from module datapath.
WARNING: [Synth 8-3332] Sequential element (fwdmuxa1/qa_reg[25]) is unused and will be removed from module datapath.
WARNING: [Synth 8-3332] Sequential element (fwdmuxa1/qa_reg[24]) is unused and will be removed from module datapath.
WARNING: [Synth 8-3332] Sequential element (fwdmuxa1/qa_reg[23]) is unused and will be removed from module datapath.
WARNING: [Synth 8-3332] Sequential element (fwdmuxa1/qa_reg[22]) is unused and will be removed from module datapath.
WARNING: [Synth 8-3332] Sequential element (fwdmuxa1/qa_reg[21]) is unused and will be removed from module datapath.
WARNING: [Synth 8-3332] Sequential element (fwdmuxa1/qa_reg[20]) is unused and will be removed from module datapath.
WARNING: [Synth 8-3332] Sequential element (fwdmuxa1/qa_reg[19]) is unused and will be removed from module datapath.
WARNING: [Synth 8-3332] Sequential element (fwdmuxa1/qa_reg[18]) is unused and will be removed from module datapath.
WARNING: [Synth 8-3332] Sequential element (fwdmuxa1/qa_reg[17]) is unused and will be removed from module datapath.
WARNING: [Synth 8-3332] Sequential element (fwdmuxa1/qa_reg[16]) is unused and will be removed from module datapath.
WARNING: [Synth 8-3332] Sequential element (fwdmuxa1/qa_reg[15]) is unused and will be removed from module datapath.
WARNING: [Synth 8-3332] Sequential element (fwdmuxa1/qa_reg[14]) is unused and will be removed from module datapath.
WARNING: [Synth 8-3332] Sequential element (fwdmuxa1/qa_reg[13]) is unused and will be removed from module datapath.
WARNING: [Synth 8-3332] Sequential element (fwdmuxa1/qa_reg[12]) is unused and will be removed from module datapath.
WARNING: [Synth 8-3332] Sequential element (fwdmuxa1/qa_reg[11]) is unused and will be removed from module datapath.
WARNING: [Synth 8-3332] Sequential element (fwdmuxa1/qa_reg[10]) is unused and will be removed from module datapath.
WARNING: [Synth 8-3332] Sequential element (fwdmuxa1/qa_reg[9]) is unused and will be removed from module datapath.
WARNING: [Synth 8-3332] Sequential element (fwdmuxa1/qa_reg[8]) is unused and will be removed from module datapath.
WARNING: [Synth 8-3332] Sequential element (fwdmuxa1/qa_reg[7]) is unused and will be removed from module datapath.
WARNING: [Synth 8-3332] Sequential element (fwdmuxa1/qa_reg[6]) is unused and will be removed from module datapath.
WARNING: [Synth 8-3332] Sequential element (fwdmuxa1/qa_reg[5]) is unused and will be removed from module datapath.
WARNING: [Synth 8-3332] Sequential element (fwdmuxa1/qa_reg[4]) is unused and will be removed from module datapath.
WARNING: [Synth 8-3332] Sequential element (fwdmuxa1/qa_reg[3]) is unused and will be removed from module datapath.
WARNING: [Synth 8-3332] Sequential element (fwdmuxa1/qa_reg[2]) is unused and will be removed from module datapath.
WARNING: [Synth 8-3332] Sequential element (fwdmuxa1/qa_reg[1]) is unused and will be removed from module datapath.
WARNING: [Synth 8-3332] Sequential element (fwdmuxa1/qa_reg[0]) is unused and will be removed from module datapath.
WARNING: [Synth 8-3332] Sequential element (fwdmuxb1/qb_reg[31]) is unused and will be removed from module datapath.
WARNING: [Synth 8-3332] Sequential element (fwdmuxb1/qb_reg[30]) is unused and will be removed from module datapath.
WARNING: [Synth 8-3332] Sequential element (fwdmuxb1/qb_reg[29]) is unused and will be removed from module datapath.
WARNING: [Synth 8-3332] Sequential element (fwdmuxb1/qb_reg[28]) is unused and will be removed from module datapath.
WARNING: [Synth 8-3332] Sequential element (fwdmuxb1/qb_reg[27]) is unused and will be removed from module datapath.
WARNING: [Synth 8-3332] Sequential element (fwdmuxb1/qb_reg[26]) is unused and will be removed from module datapath.
WARNING: [Synth 8-3332] Sequential element (fwdmuxb1/qb_reg[25]) is unused and will be removed from module datapath.
WARNING: [Synth 8-3332] Sequential element (fwdmuxb1/qb_reg[24]) is unused and will be removed from module datapath.
WARNING: [Synth 8-3332] Sequential element (fwdmuxb1/qb_reg[23]) is unused and will be removed from module datapath.
WARNING: [Synth 8-3332] Sequential element (fwdmuxb1/qb_reg[22]) is unused and will be removed from module datapath.
WARNING: [Synth 8-3332] Sequential element (fwdmuxb1/qb_reg[21]) is unused and will be removed from module datapath.
WARNING: [Synth 8-3332] Sequential element (fwdmuxb1/qb_reg[20]) is unused and will be removed from module datapath.
WARNING: [Synth 8-3332] Sequential element (fwdmuxb1/qb_reg[19]) is unused and will be removed from module datapath.
WARNING: [Synth 8-3332] Sequential element (fwdmuxb1/qb_reg[18]) is unused and will be removed from module datapath.
WARNING: [Synth 8-3332] Sequential element (fwdmuxb1/qb_reg[17]) is unused and will be removed from module datapath.
WARNING: [Synth 8-3332] Sequential element (fwdmuxb1/qb_reg[16]) is unused and will be removed from module datapath.
WARNING: [Synth 8-3332] Sequential element (fwdmuxb1/qb_reg[15]) is unused and will be removed from module datapath.
WARNING: [Synth 8-3332] Sequential element (fwdmuxb1/qb_reg[14]) is unused and will be removed from module datapath.
WARNING: [Synth 8-3332] Sequential element (fwdmuxb1/qb_reg[13]) is unused and will be removed from module datapath.
WARNING: [Synth 8-3332] Sequential element (fwdmuxb1/qb_reg[12]) is unused and will be removed from module datapath.
WARNING: [Synth 8-3332] Sequential element (fwdmuxb1/qb_reg[11]) is unused and will be removed from module datapath.
WARNING: [Synth 8-3332] Sequential element (fwdmuxb1/qb_reg[10]) is unused and will be removed from module datapath.
WARNING: [Synth 8-3332] Sequential element (fwdmuxb1/qb_reg[9]) is unused and will be removed from module datapath.
WARNING: [Synth 8-3332] Sequential element (fwdmuxb1/qb_reg[8]) is unused and will be removed from module datapath.
WARNING: [Synth 8-3332] Sequential element (fwdmuxb1/qb_reg[7]) is unused and will be removed from module datapath.
WARNING: [Synth 8-3332] Sequential element (fwdmuxb1/qb_reg[6]) is unused and will be removed from module datapath.
WARNING: [Synth 8-3332] Sequential element (fwdmuxb1/qb_reg[5]) is unused and will be removed from module datapath.
WARNING: [Synth 8-3332] Sequential element (fwdmuxb1/qb_reg[4]) is unused and will be removed from module datapath.
WARNING: [Synth 8-3332] Sequential element (fwdmuxb1/qb_reg[3]) is unused and will be removed from module datapath.
WARNING: [Synth 8-3332] Sequential element (fwdmuxb1/qb_reg[2]) is unused and will be removed from module datapath.
WARNING: [Synth 8-3332] Sequential element (fwdmuxb1/qb_reg[1]) is unused and will be removed from module datapath.
WARNING: [Synth 8-3332] Sequential element (fwdmuxb1/qb_reg[0]) is unused and will be removed from module datapath.
---------------------------------------------------------------------------------
Finished Cross Boundary and Area Optimization : Time (s): cpu = 00:00:36 ; elapsed = 00:00:37 . Memory (MB): peak = 1213.473 ; gain = 702.445
---------------------------------------------------------------------------------
---------------------------------------------------------------------------------
Start ROM, RAM, DSP, Shift Register and Retiming Reporting
---------------------------------------------------------------------------------

Block RAM: Preliminary Mapping Report (see note below)
-------NONE-------
Note: The table above is a preliminary report that shows the Block RAMs at the current stage of the synthesis flow. Some Block RAMs may be reimplemented as non Block RAM primitives later in the synthesis flow. Multiple instantiated Block RAMs are reported only once. 

Distributed RAM: Preliminary Mapping Report (see note below)
+------------+----------------------+-----------+----------------------+----------------+
|Module Name | RTL Object           | Inference | Size (Depth x Width) | Primitives     | 
+------------+----------------------+-----------+----------------------+----------------+
|datapath    | datamemory1/data_reg | Implied   | 64 x 32              | RAM64X1S x 32  | 
+------------+----------------------+-----------+----------------------+----------------+

Note: The table above is a preliminary report that shows the Distributed RAMs at the current stage of the synthesis flow. Some Distributed RAMs may be reimplemented as non Distributed RAM primitives later in the synthesis flow. Multiple instantiated RAMs are reported only once.
---------------------------------------------------------------------------------
Finished ROM, RAM, DSP, Shift Register and Retiming Reporting
---------------------------------------------------------------------------------
No constraint files found.
---------------------------------------------------------------------------------
Start Timing Optimization
---------------------------------------------------------------------------------
---------------------------------------------------------------------------------
Finished Timing Optimization : Time (s): cpu = 00:00:36 ; elapsed = 00:00:38 . Memory (MB): peak = 1216.562 ; gain = 705.535
---------------------------------------------------------------------------------
---------------------------------------------------------------------------------
Start ROM, RAM, DSP, Shift Register and Retiming Reporting
---------------------------------------------------------------------------------

Block RAM: Final Mapping Report
-------NONE-------

Distributed RAM: Final Mapping Report
+------------+----------------------+-----------+----------------------+----------------+
|Module Name | RTL Object           | Inference | Size (Depth x Width) | Primitives     | 
+------------+----------------------+-----------+----------------------+----------------+
|datapath    | datamemory1/data_reg | Implied   | 64 x 32              | RAM64X1S x 32  | 
+------------+----------------------+-----------+----------------------+----------------+

---------------------------------------------------------------------------------
Finished ROM, RAM, DSP, Shift Register and Retiming Reporting
---------------------------------------------------------------------------------
---------------------------------------------------------------------------------
Start Technology Mapping
---------------------------------------------------------------------------------
INFO: [Synth 8-7052] The timing for the instance registerfile1/registers_reg_1 (implemented as a Block RAM) might be sub-optimal as no optional output register could be merged into the ram block. Providing additional output register may help in improving timing.
INFO: [Synth 8-7052] The timing for the instance registerfile1/registers_reg_2 (implemented as a Block RAM) might be sub-optimal as no optional output register could be merged into the ram block. Providing additional output register may help in improving timing.
---------------------------------------------------------------------------------
Finished Technology Mapping : Time (s): cpu = 00:00:37 ; elapsed = 00:00:38 . Memory (MB): peak = 1225.750 ; gain = 714.723
---------------------------------------------------------------------------------
---------------------------------------------------------------------------------
Start IO Insertion
---------------------------------------------------------------------------------
---------------------------------------------------------------------------------
Start Flattening Before IO Insertion
---------------------------------------------------------------------------------
---------------------------------------------------------------------------------
Finished Flattening Before IO Insertion
---------------------------------------------------------------------------------
---------------------------------------------------------------------------------
Start Final Netlist Cleanup
---------------------------------------------------------------------------------
---------------------------------------------------------------------------------
Finished Final Netlist Cleanup
---------------------------------------------------------------------------------
---------------------------------------------------------------------------------
Finished IO Insertion : Time (s): cpu = 00:00:47 ; elapsed = 00:00:49 . Memory (MB): peak = 1225.750 ; gain = 714.723
---------------------------------------------------------------------------------
---------------------------------------------------------------------------------
Start Renaming Generated Instances
---------------------------------------------------------------------------------
---------------------------------------------------------------------------------
Finished Renaming Generated Instances : Time (s): cpu = 00:00:47 ; elapsed = 00:00:49 . Memory (MB): peak = 1225.750 ; gain = 714.723
---------------------------------------------------------------------------------
---------------------------------------------------------------------------------
Start Rebuilding User Hierarchy
---------------------------------------------------------------------------------
---------------------------------------------------------------------------------
Finished Rebuilding User Hierarchy : Time (s): cpu = 00:00:47 ; elapsed = 00:00:49 . Memory (MB): peak = 1225.750 ; gain = 714.723
---------------------------------------------------------------------------------
---------------------------------------------------------------------------------
Start Renaming Generated Ports
---------------------------------------------------------------------------------
---------------------------------------------------------------------------------
Finished Renaming Generated Ports : Time (s): cpu = 00:00:47 ; elapsed = 00:00:49 . Memory (MB): peak = 1225.750 ; gain = 714.723
---------------------------------------------------------------------------------
---------------------------------------------------------------------------------
Start Handling Custom Attributes
---------------------------------------------------------------------------------
---------------------------------------------------------------------------------
Finished Handling Custom Attributes : Time (s): cpu = 00:00:47 ; elapsed = 00:00:49 . Memory (MB): peak = 1225.750 ; gain = 714.723
---------------------------------------------------------------------------------
---------------------------------------------------------------------------------
Start Renaming Generated Nets
---------------------------------------------------------------------------------
---------------------------------------------------------------------------------
Finished Renaming Generated Nets : Time (s): cpu = 00:00:47 ; elapsed = 00:00:49 . Memory (MB): peak = 1225.750 ; gain = 714.723
---------------------------------------------------------------------------------
---------------------------------------------------------------------------------
Start Writing Synthesis Report
---------------------------------------------------------------------------------

Report BlackBoxes: 
+-+--------------+----------+
| |BlackBox name |Instances |
+-+--------------+----------+
+-+--------------+----------+

Report Cell Usage: 
+------+---------+------+
|      |Cell     |Count |
+------+---------+------+
|1     |BUFG     |     2|
|2     |CARRY4   |    16|
|3     |LUT1     |     5|
|4     |LUT2     |     5|
|5     |LUT3     |    36|
|6     |LUT5     |    33|
|7     |LUT6     |    69|
|8     |RAM64X1S |    12|
|9     |RAMB18E1 |     2|
|10    |FDRE     |   225|
|11    |LD       |    35|
|12    |IBUF     |     1|
|13    |OBUF     |   380|
+------+---------+------+

Report Instance Areas: 
+------+--------------------------+-----------------------+------+
|      |Instance                  |Module                 |Cells |
+------+--------------------------+-----------------------+------+
|1     |top                       |                       |   821|
|2     |  datamemory1             |datamemory             |    12|
|3     |  alu1                    |alu                    |    72|
|4     |  controlunit1            |controlunit            |     3|
|5     |  counter1                |counter                |    46|
|6     |  exemempipelineregister1 |exemempipelineregister |   135|
|7     |  idexepipelineregister1  |idexepipelineregister  |   108|
|8     |  ifidpipelineregister1   |ifidpipelineregister   |    12|
|9     |  memwbpipelineregister1  |memwbpipelineregister  |    47|
|10    |  registerfile1           |registerfile           |     2|
+------+--------------------------+-----------------------+------+
---------------------------------------------------------------------------------
Finished Writing Synthesis Report : Time (s): cpu = 00:00:47 ; elapsed = 00:00:49 . Memory (MB): peak = 1225.750 ; gain = 714.723
---------------------------------------------------------------------------------
Synthesis finished with 0 errors, 0 critical warnings and 135 warnings.
Synthesis Optimization Runtime : Time (s): cpu = 00:00:48 ; elapsed = 00:00:49 . Memory (MB): peak = 1225.750 ; gain = 714.723
Synthesis Optimization Complete : Time (s): cpu = 00:00:48 ; elapsed = 00:00:49 . Memory (MB): peak = 1225.750 ; gain = 714.723
INFO: [Project 1-571] Translating synthesized netlist
Netlist sorting complete. Time (s): cpu = 00:00:01 ; elapsed = 00:00:00.034 . Memory (MB): peak = 1229.379 ; gain = 0.000
INFO: [Netlist 29-17] Analyzing 65 Unisim elements for replacement
INFO: [Netlist 29-28] Unisim Transformation completed in 0 CPU seconds
INFO: [Project 1-570] Preparing netlist for logic optimization
INFO: [Opt 31-138] Pushed 1 inverter(s) to 14 load pin(s).
Netlist sorting complete. Time (s): cpu = 00:00:00 ; elapsed = 00:00:00.001 . Memory (MB): peak = 1325.996 ; gain = 0.000
INFO: [Project 1-111] Unisim Transformation Summary:
  A total of 47 instances were transformed.
  LD => LDCE: 35 instances
  RAM64X1S => RAM64X1S (inverted pins: WCLK) (RAMS64E): 12 instances

Synth Design complete | Checksum: 72e70306
INFO: [Common 17-83] Releasing license: Synthesis
59 Infos, 135 Warnings, 0 Critical Warnings and 0 Errors encountered.
synth_design completed successfully
synth_design: Time (s): cpu = 00:00:53 ; elapsed = 00:00:55 . Memory (MB): peak = 1325.996 ; gain = 822.859
INFO: [Common 17-1381] The checkpoint 'C:/Users/potato/Downloads/Lab3/Lab3.runs/synth_1/datapath.dcp' has been generated.
INFO: [runtcl-4] Executing : report_utilization -file datapath_utilization_synth.rpt -pb datapath_utilization_synth.pb
INFO: [Common 17-206] Exiting Vivado at Thu Dec 14 06:36:21 2023...
